<?xml version="1.0" encoding="UTF-8"?>
<testng-results ignored="0" total="1" passed="1" failed="0" skipped="0">
  <reporter-output>
  </reporter-output>
  <suite started-at="2023-12-08T16:00:38 CST" name="Default suite" finished-at="2023-12-08T16:00:48 CST" duration-ms="9657">
    <groups>
    </groups>
    <test started-at="2023-12-08T16:00:38 CST" name="Default test" finished-at="2023-12-08T16:00:48 CST" duration-ms="9657">
      <class name="com.w2a.testcases.FlightSearchTest">
        <test-method signature="flightSearchTest()[pri:0, instance:com.w2a.testcases.FlightSearchTest@ea6147e]" started-at="2023-12-08T16:00:38 CST" name="flightSearchTest" finished-at="2023-12-08T16:00:48 CST" duration-ms="9625" status="PASS">
          <reporter-output>
          </reporter-output>
        </test-method> <!-- flightSearchTest -->
      </class> <!-- com.w2a.testcases.FlightSearchTest -->
    </test> <!-- Default test -->
  </suite> <!-- Default suite -->
</testng-results>
